<?xml version="1.0" encoding="UTF-8"?>
<testsuite name="CalculadoraTest" tests="1" skipped="0" failures="0" errors="0" timestamp="2021-11-08T14:29:05" hostname="DESKTOP-VLQBU5O" time="0.044">
  <properties/>
  <testcase name="raiz()" classname="CalculadoraTest" time="0.044"/>
  <system-out><![CDATA[]]></system-out>
  <system-err><![CDATA[]]></system-err>
</testsuite>
